This file contains any messages produced by compilers while
running configure, to aid debugging if configure makes a mistake.

It was created by tsh configure 1.2, which was
generated by GNU Autoconf 2.69.  Invocation command line was

  $ ./configure 

## --------- ##
## Platform. ##
## --------- ##

hostname = bogon
uname -m = i686
uname -r = 3.2.0-4-686-pae
uname -s = Linux
uname -v = #1 SMP Debian 3.2.51-1

/usr/bin/uname -p = unknown
/bin/uname -X     = unknown

/bin/arch              = unknown
/usr/bin/arch -k       = unknown
/usr/convex/getsysinfo = unknown
/usr/bin/hostinfo      = unknown
/bin/machine           = unknown
/usr/bin/oslevel       = unknown
/bin/universe          = unknown

PATH: /usr/local/bin
PATH: /usr/bin
PATH: /bin
PATH: /usr/local/games
PATH: /usr/games
PATH: /opt/Qt5.1.1/Tools/QtCreator/bin/
PATH: /opt/Qt5.1.1/5.1.1/gcc/bin/


## ----------- ##
## Core tests. ##
## ----------- ##

configure:2233: checking for a BSD-compatible install
configure:2301: result: /usr/bin/install -c
configure:2312: checking whether build environment is sane
configure:2362: result: yes
configure:2503: checking for a thread-safe mkdir -p
configure:2542: result: /bin/mkdir -p
configure:2555: checking for gawk
configure:2585: result: no
configure:2555: checking for mawk
configure:2571: found /usr/bin/mawk
configure:2582: result: mawk
configure:2593: checking whether make sets $(MAKE)
configure:2615: result: yes
configure:2749: checking for gcc
configure:2765: found /usr/bin/gcc
configure:2776: result: gcc
configure:3005: checking for C compiler version
configure:3014: gcc --version >&5
gcc (Debian 4.7.2-5) 4.7.2
Copyright (C) 2012 Free Software Foundation, Inc.
This is free software; see the source for copying conditions.  There is NO
warranty; not even for MERCHANTABILITY or FITNESS FOR A PARTICULAR PURPOSE.

configure:3025: $? = 0
configure:3014: gcc -v >&5
Using built-in specs.
COLLECT_GCC=gcc
COLLECT_LTO_WRAPPER=/usr/lib/gcc/i486-linux-gnu/4.7/lto-wrapper
Target: i486-linux-gnu
Configured with: ../src/configure -v --with-pkgversion='Debian 4.7.2-5' --with-bugurl=file:///usr/share/doc/gcc-4.7/README.Bugs --enable-languages=c,c++,go,fortran,objc,obj-c++ --prefix=/usr --program-suffix=-4.7 --enable-shared --enable-linker-build-id --with-system-zlib --libexecdir=/usr/lib --without-included-gettext --enable-threads=posix --with-gxx-include-dir=/usr/include/c++/4.7 --libdir=/usr/lib --enable-nls --with-sysroot=/ --enable-clocale=gnu --enable-libstdcxx-debug --enable-libstdcxx-time=yes --enable-gnu-unique-object --enable-plugin --enable-objc-gc --enable-targets=all --with-arch-32=i586 --with-tune=generic --enable-checking=release --build=i486-linux-gnu --host=i486-linux-gnu --target=i486-linux-gnu
Thread model: posix
gcc version 4.7.2 (Debian 4.7.2-5) 
configure:3025: $? = 0
configure:3014: gcc -V >&5
gcc: error: unrecognized command line option '-V'
gcc: fatal error: no input files
compilation terminated.
configure:3025: $? = 4
configure:3014: gcc -qversion >&5
gcc: error: unrecognized command line option '-qversion'
gcc: fatal error: no input files
compilation terminated.
configure:3025: $? = 4
configure:3045: checking whether the C compiler works
configure:3067: gcc    conftest.c  >&5
configure:3071: $? = 0
configure:3119: result: yes
configure:3122: checking for C compiler default output file name
configure:3124: result: a.out
configure:3130: checking for suffix of executables
configure:3137: gcc -o conftest    conftest.c  >&5
configure:3141: $? = 0
configure:3163: result: 
configure:3185: checking whether we are cross compiling
configure:3193: gcc -o conftest    conftest.c  >&5
configure:3197: $? = 0
configure:3204: ./conftest
configure:3208: $? = 0
configure:3223: result: no
configure:3228: checking for suffix of object files
configure:3250: gcc -c   conftest.c >&5
configure:3254: $? = 0
configure:3275: result: o
configure:3279: checking whether we are using the GNU C compiler
configure:3298: gcc -c   conftest.c >&5
configure:3298: $? = 0
configure:3307: result: yes
configure:3316: checking whether gcc accepts -g
configure:3336: gcc -c -g  conftest.c >&5
configure:3336: $? = 0
configure:3377: result: yes
configure:3394: checking for gcc option to accept ISO C89
configure:3457: gcc  -c -g -O2  conftest.c >&5
configure:3457: $? = 0
configure:3470: result: none needed
configure:3501: checking for style of include used by make
configure:3529: result: GNU
configure:3555: checking dependency style of gcc
configure:3666: result: gcc3
configure:3686: checking for library containing readline
configure:3717: gcc -o conftest -g -O2   conftest.c  >&5
/tmp/ccFJDpJO.o: In function `main':
/home/durd/Documents/tsh/conftest.c:22: undefined reference to `readline'
collect2: error: ld returned 1 exit status
configure:3717: $? = 1
configure: failed program was:
| /* confdefs.h */
| #define PACKAGE_NAME "tsh"
| #define PACKAGE_TARNAME "tsh"
| #define PACKAGE_VERSION "1.2"
| #define PACKAGE_STRING "tsh 1.2"
| #define PACKAGE_BUGREPORT "Tyrion-Lannister-274AL@gmail.com"
| #define PACKAGE_URL ""
| #define PACKAGE "tsh"
| #define VERSION "1.2"
| /* end confdefs.h.  */
| 
| /* Override any GCC internal prototype to avoid an error.
|    Use char because int might match the return type of a GCC
|    builtin and then its argument prototype would still apply.  */
| #ifdef __cplusplus
| extern "C"
| #endif
| char readline ();
| int
| main ()
| {
| return readline ();
|   ;
|   return 0;
| }
configure:3717: gcc -o conftest -g -O2   conftest.c -lreadline   >&5
configure:3717: $? = 0
configure:3734: result: -lreadline
configure:3742: checking for library containing add_history
configure:3773: gcc -o conftest -g -O2   conftest.c -lreadline  >&5
configure:3773: $? = 0
configure:3790: result: none required
configure:3798: checking for library containing pthread_create
configure:3829: gcc -o conftest -g -O2   conftest.c -lreadline  >&5
/tmp/ccFxyPJ4.o: In function `main':
/home/durd/Documents/tsh/conftest.c:22: undefined reference to `pthread_create'
collect2: error: ld returned 1 exit status
configure:3829: $? = 1
configure: failed program was:
| /* confdefs.h */
| #define PACKAGE_NAME "tsh"
| #define PACKAGE_TARNAME "tsh"
| #define PACKAGE_VERSION "1.2"
| #define PACKAGE_STRING "tsh 1.2"
| #define PACKAGE_BUGREPORT "Tyrion-Lannister-274AL@gmail.com"
| #define PACKAGE_URL ""
| #define PACKAGE "tsh"
| #define VERSION "1.2"
| /* end confdefs.h.  */
| 
| /* Override any GCC internal prototype to avoid an error.
|    Use char because int might match the return type of a GCC
|    builtin and then its argument prototype would still apply.  */
| #ifdef __cplusplus
| extern "C"
| #endif
| char pthread_create ();
| int
| main ()
| {
| return pthread_create ();
|   ;
|   return 0;
| }
configure:3829: gcc -o conftest -g -O2   conftest.c -lpthread  -lreadline  >&5
configure:3829: $? = 0
configure:3846: result: -lpthread
configure:3854: checking for library containing dlopen
configure:3885: gcc -o conftest -g -O2   conftest.c -lpthread -lreadline  >&5
/tmp/ccn7IuKe.o: In function `main':
/home/durd/Documents/tsh/conftest.c:22: undefined reference to `dlopen'
collect2: error: ld returned 1 exit status
configure:3885: $? = 1
configure: failed program was:
| /* confdefs.h */
| #define PACKAGE_NAME "tsh"
| #define PACKAGE_TARNAME "tsh"
| #define PACKAGE_VERSION "1.2"
| #define PACKAGE_STRING "tsh 1.2"
| #define PACKAGE_BUGREPORT "Tyrion-Lannister-274AL@gmail.com"
| #define PACKAGE_URL ""
| #define PACKAGE "tsh"
| #define VERSION "1.2"
| /* end confdefs.h.  */
| 
| /* Override any GCC internal prototype to avoid an error.
|    Use char because int might match the return type of a GCC
|    builtin and then its argument prototype would still apply.  */
| #ifdef __cplusplus
| extern "C"
| #endif
| char dlopen ();
| int
| main ()
| {
| return dlopen ();
|   ;
|   return 0;
| }
configure:3885: gcc -o conftest -g -O2   conftest.c -ldl  -lpthread -lreadline  >&5
configure:3885: $? = 0
configure:3902: result: -ldl
configure:3910: checking for library containing dlsym
configure:3941: gcc -o conftest -g -O2   conftest.c -ldl -lpthread -lreadline  >&5
configure:3941: $? = 0
configure:3958: result: none required
configure:3973: checking how to run the C preprocessor
configure:4004: gcc -E  conftest.c
configure:4004: $? = 0
configure:4018: gcc -E  conftest.c
conftest.c:11:28: fatal error: ac_nonexistent.h: No such file or directory
compilation terminated.
configure:4018: $? = 1
configure: failed program was:
| /* confdefs.h */
| #define PACKAGE_NAME "tsh"
| #define PACKAGE_TARNAME "tsh"
| #define PACKAGE_VERSION "1.2"
| #define PACKAGE_STRING "tsh 1.2"
| #define PACKAGE_BUGREPORT "Tyrion-Lannister-274AL@gmail.com"
| #define PACKAGE_URL ""
| #define PACKAGE "tsh"
| #define VERSION "1.2"
| /* end confdefs.h.  */
| #include <ac_nonexistent.h>
configure:4043: result: gcc -E
configure:4063: gcc -E  conftest.c
configure:4063: $? = 0
configure:4077: gcc -E  conftest.c
conftest.c:11:28: fatal error: ac_nonexistent.h: No such file or directory
compilation terminated.
configure:4077: $? = 1
configure: failed program was:
| /* confdefs.h */
| #define PACKAGE_NAME "tsh"
| #define PACKAGE_TARNAME "tsh"
| #define PACKAGE_VERSION "1.2"
| #define PACKAGE_STRING "tsh 1.2"
| #define PACKAGE_BUGREPORT "Tyrion-Lannister-274AL@gmail.com"
| #define PACKAGE_URL ""
| #define PACKAGE "tsh"
| #define VERSION "1.2"
| /* end confdefs.h.  */
| #include <ac_nonexistent.h>
configure:4106: checking for grep that handles long lines and -e
configure:4164: result: /bin/grep
configure:4169: checking for egrep
configure:4231: result: /bin/grep -E
configure:4236: checking for ANSI C header files
configure:4256: gcc -c -g -O2  conftest.c >&5
configure:4256: $? = 0
configure:4329: gcc -o conftest -g -O2   conftest.c -ldl -lpthread -lreadline  >&5
configure:4329: $? = 0
configure:4329: ./conftest
configure:4329: $? = 0
configure:4340: result: yes
configure:4353: checking for sys/types.h
configure:4353: gcc -c -g -O2  conftest.c >&5
configure:4353: $? = 0
configure:4353: result: yes
configure:4353: checking for sys/stat.h
configure:4353: gcc -c -g -O2  conftest.c >&5
configure:4353: $? = 0
configure:4353: result: yes
configure:4353: checking for stdlib.h
configure:4353: gcc -c -g -O2  conftest.c >&5
configure:4353: $? = 0
configure:4353: result: yes
configure:4353: checking for string.h
configure:4353: gcc -c -g -O2  conftest.c >&5
configure:4353: $? = 0
configure:4353: result: yes
configure:4353: checking for memory.h
configure:4353: gcc -c -g -O2  conftest.c >&5
configure:4353: $? = 0
configure:4353: result: yes
configure:4353: checking for strings.h
configure:4353: gcc -c -g -O2  conftest.c >&5
configure:4353: $? = 0
configure:4353: result: yes
configure:4353: checking for inttypes.h
configure:4353: gcc -c -g -O2  conftest.c >&5
configure:4353: $? = 0
configure:4353: result: yes
configure:4353: checking for stdint.h
configure:4353: gcc -c -g -O2  conftest.c >&5
configure:4353: $? = 0
configure:4353: result: yes
configure:4353: checking for unistd.h
configure:4353: gcc -c -g -O2  conftest.c >&5
configure:4353: $? = 0
configure:4353: result: yes
configure:4368: checking readline/readline.h usability
configure:4368: gcc -c -g -O2  conftest.c >&5
configure:4368: $? = 0
configure:4368: result: yes
configure:4368: checking readline/readline.h presence
configure:4368: gcc -E  conftest.c
configure:4368: $? = 0
configure:4368: result: yes
configure:4368: checking for readline/readline.h
configure:4368: result: yes
configure:4368: checking readline/history.h usability
configure:4368: gcc -c -g -O2  conftest.c >&5
configure:4368: $? = 0
configure:4368: result: yes
configure:4368: checking readline/history.h presence
configure:4368: gcc -E  conftest.c
configure:4368: $? = 0
configure:4368: result: yes
configure:4368: checking for readline/history.h
configure:4368: result: yes
configure:4398: checking stdio.h usability
configure:4398: gcc -c -g -O2  conftest.c >&5
configure:4398: $? = 0
configure:4398: result: yes
configure:4398: checking stdio.h presence
configure:4398: gcc -E  conftest.c
configure:4398: $? = 0
configure:4398: result: yes
configure:4398: checking for stdio.h
configure:4398: result: yes
configure:4398: checking for stdlib.h
configure:4398: result: yes
configure:4398: checking for string.h
configure:4398: result: yes
configure:4398: checking for unistd.h
configure:4398: result: yes
configure:4398: checking getopt.h usability
configure:4398: gcc -c -g -O2  conftest.c >&5
configure:4398: $? = 0
configure:4398: result: yes
configure:4398: checking getopt.h presence
configure:4398: gcc -E  conftest.c
configure:4398: $? = 0
configure:4398: result: yes
configure:4398: checking for getopt.h
configure:4398: result: yes
configure:4398: checking errno.h usability
configure:4398: gcc -c -g -O2  conftest.c >&5
configure:4398: $? = 0
configure:4398: result: yes
configure:4398: checking errno.h presence
configure:4398: gcc -E  conftest.c
configure:4398: $? = 0
configure:4398: result: yes
configure:4398: checking for errno.h
configure:4398: result: yes
configure:4398: checking for sys/types.h
configure:4398: result: yes
configure:4398: checking sys/wait.h usability
configure:4398: gcc -c -g -O2  conftest.c >&5
configure:4398: $? = 0
configure:4398: result: yes
configure:4398: checking sys/wait.h presence
configure:4398: gcc -E  conftest.c
configure:4398: $? = 0
configure:4398: result: yes
configure:4398: checking for sys/wait.h
configure:4398: result: yes
configure:4398: checking pthread.h usability
configure:4398: gcc -c -g -O2  conftest.c >&5
configure:4398: $? = 0
configure:4398: result: yes
configure:4398: checking pthread.h presence
configure:4398: gcc -E  conftest.c
configure:4398: $? = 0
configure:4398: result: yes
configure:4398: checking for pthread.h
configure:4398: result: yes
configure:4410: checking for pid_t
configure:4410: gcc -c -g -O2  conftest.c >&5
configure:4410: $? = 0
configure:4410: gcc -c -g -O2  conftest.c >&5
conftest.c: In function 'main':
conftest.c:68:20: error: expected expression before ')' token
configure:4410: $? = 1
configure: failed program was:
| /* confdefs.h */
| #define PACKAGE_NAME "tsh"
| #define PACKAGE_TARNAME "tsh"
| #define PACKAGE_VERSION "1.2"
| #define PACKAGE_STRING "tsh 1.2"
| #define PACKAGE_BUGREPORT "Tyrion-Lannister-274AL@gmail.com"
| #define PACKAGE_URL ""
| #define PACKAGE "tsh"
| #define VERSION "1.2"
| #define STDC_HEADERS 1
| #define HAVE_SYS_TYPES_H 1
| #define HAVE_SYS_STAT_H 1
| #define HAVE_STDLIB_H 1
| #define HAVE_STRING_H 1
| #define HAVE_MEMORY_H 1
| #define HAVE_STRINGS_H 1
| #define HAVE_INTTYPES_H 1
| #define HAVE_STDINT_H 1
| #define HAVE_UNISTD_H 1
| #define HAVE_READLINE_READLINE_H 1
| #define HAVE_READLINE_HISTORY_H 1
| #define HAVE_STDIO_H 1
| #define HAVE_STDLIB_H 1
| #define HAVE_STRING_H 1
| #define HAVE_UNISTD_H 1
| #define HAVE_GETOPT_H 1
| #define HAVE_ERRNO_H 1
| #define HAVE_SYS_TYPES_H 1
| #define HAVE_SYS_WAIT_H 1
| #define HAVE_PTHREAD_H 1
| /* end confdefs.h.  */
| #include <stdio.h>
| #ifdef HAVE_SYS_TYPES_H
| # include <sys/types.h>
| #endif
| #ifdef HAVE_SYS_STAT_H
| # include <sys/stat.h>
| #endif
| #ifdef STDC_HEADERS
| # include <stdlib.h>
| # include <stddef.h>
| #else
| # ifdef HAVE_STDLIB_H
| #  include <stdlib.h>
| # endif
| #endif
| #ifdef HAVE_STRING_H
| # if !defined STDC_HEADERS && defined HAVE_MEMORY_H
| #  include <memory.h>
| # endif
| # include <string.h>
| #endif
| #ifdef HAVE_STRINGS_H
| # include <strings.h>
| #endif
| #ifdef HAVE_INTTYPES_H
| # include <inttypes.h>
| #endif
| #ifdef HAVE_STDINT_H
| # include <stdint.h>
| #endif
| #ifdef HAVE_UNISTD_H
| # include <unistd.h>
| #endif
| int
| main ()
| {
| if (sizeof ((pid_t)))
| 	    return 0;
|   ;
|   return 0;
| }
configure:4410: result: yes
configure:4425: checking vfork.h usability
configure:4425: gcc -c -g -O2  conftest.c >&5
conftest.c:65:19: fatal error: vfork.h: No such file or directory
compilation terminated.
configure:4425: $? = 1
configure: failed program was:
| /* confdefs.h */
| #define PACKAGE_NAME "tsh"
| #define PACKAGE_TARNAME "tsh"
| #define PACKAGE_VERSION "1.2"
| #define PACKAGE_STRING "tsh 1.2"
| #define PACKAGE_BUGREPORT "Tyrion-Lannister-274AL@gmail.com"
| #define PACKAGE_URL ""
| #define PACKAGE "tsh"
| #define VERSION "1.2"
| #define STDC_HEADERS 1
| #define HAVE_SYS_TYPES_H 1
| #define HAVE_SYS_STAT_H 1
| #define HAVE_STDLIB_H 1
| #define HAVE_STRING_H 1
| #define HAVE_MEMORY_H 1
| #define HAVE_STRINGS_H 1
| #define HAVE_INTTYPES_H 1
| #define HAVE_STDINT_H 1
| #define HAVE_UNISTD_H 1
| #define HAVE_READLINE_READLINE_H 1
| #define HAVE_READLINE_HISTORY_H 1
| #define HAVE_STDIO_H 1
| #define HAVE_STDLIB_H 1
| #define HAVE_STRING_H 1
| #define HAVE_UNISTD_H 1
| #define HAVE_GETOPT_H 1
| #define HAVE_ERRNO_H 1
| #define HAVE_SYS_TYPES_H 1
| #define HAVE_SYS_WAIT_H 1
| #define HAVE_PTHREAD_H 1
| /* end confdefs.h.  */
| #include <stdio.h>
| #ifdef HAVE_SYS_TYPES_H
| # include <sys/types.h>
| #endif
| #ifdef HAVE_SYS_STAT_H
| # include <sys/stat.h>
| #endif
| #ifdef STDC_HEADERS
| # include <stdlib.h>
| # include <stddef.h>
| #else
| # ifdef HAVE_STDLIB_H
| #  include <stdlib.h>
| # endif
| #endif
| #ifdef HAVE_STRING_H
| # if !defined STDC_HEADERS && defined HAVE_MEMORY_H
| #  include <memory.h>
| # endif
| # include <string.h>
| #endif
| #ifdef HAVE_STRINGS_H
| # include <strings.h>
| #endif
| #ifdef HAVE_INTTYPES_H
| # include <inttypes.h>
| #endif
| #ifdef HAVE_STDINT_H
| # include <stdint.h>
| #endif
| #ifdef HAVE_UNISTD_H
| # include <unistd.h>
| #endif
| #include <vfork.h>
configure:4425: result: no
configure:4425: checking vfork.h presence
configure:4425: gcc -E  conftest.c
conftest.c:32:19: fatal error: vfork.h: No such file or directory
compilation terminated.
configure:4425: $? = 1
configure: failed program was:
| /* confdefs.h */
| #define PACKAGE_NAME "tsh"
| #define PACKAGE_TARNAME "tsh"
| #define PACKAGE_VERSION "1.2"
| #define PACKAGE_STRING "tsh 1.2"
| #define PACKAGE_BUGREPORT "Tyrion-Lannister-274AL@gmail.com"
| #define PACKAGE_URL ""
| #define PACKAGE "tsh"
| #define VERSION "1.2"
| #define STDC_HEADERS 1
| #define HAVE_SYS_TYPES_H 1
| #define HAVE_SYS_STAT_H 1
| #define HAVE_STDLIB_H 1
| #define HAVE_STRING_H 1
| #define HAVE_MEMORY_H 1
| #define HAVE_STRINGS_H 1
| #define HAVE_INTTYPES_H 1
| #define HAVE_STDINT_H 1
| #define HAVE_UNISTD_H 1
| #define HAVE_READLINE_READLINE_H 1
| #define HAVE_READLINE_HISTORY_H 1
| #define HAVE_STDIO_H 1
| #define HAVE_STDLIB_H 1
| #define HAVE_STRING_H 1
| #define HAVE_UNISTD_H 1
| #define HAVE_GETOPT_H 1
| #define HAVE_ERRNO_H 1
| #define HAVE_SYS_TYPES_H 1
| #define HAVE_SYS_WAIT_H 1
| #define HAVE_PTHREAD_H 1
| /* end confdefs.h.  */
| #include <vfork.h>
configure:4425: result: no
configure:4425: checking for vfork.h
configure:4425: result: no
configure:4438: checking for fork
configure:4438: gcc -o conftest -g -O2   conftest.c -ldl -lpthread -lreadline  >&5
conftest.c:55:6: warning: conflicting types for built-in function 'fork' [enabled by default]
configure:4438: $? = 0
configure:4438: result: yes
configure:4438: checking for vfork
configure:4438: gcc -o conftest -g -O2   conftest.c -ldl -lpthread -lreadline  >&5
configure:4438: $? = 0
configure:4438: result: yes
configure:4448: checking for working fork
configure:4470: gcc -o conftest -g -O2   conftest.c -ldl -lpthread -lreadline  >&5
configure:4470: $? = 0
configure:4470: ./conftest
configure:4470: $? = 0
configure:4480: result: yes
configure:4501: checking for working vfork
configure:4611: result: yes
configure:4640: checking for getcwd
configure:4640: gcc -o conftest -g -O2   conftest.c -ldl -lpthread -lreadline  >&5
configure:4640: $? = 0
configure:4640: result: yes
configure:4640: checking for getlogin_r
configure:4640: gcc -o conftest -g -O2   conftest.c -ldl -lpthread -lreadline  >&5
configure:4640: $? = 0
configure:4640: result: yes
configure:4640: checking for fgets
configure:4640: gcc -o conftest -g -O2   conftest.c -ldl -lpthread -lreadline  >&5
configure:4640: $? = 0
configure:4640: result: yes
configure:4640: checking for strtok
configure:4640: gcc -o conftest -g -O2   conftest.c -ldl -lpthread -lreadline  >&5
configure:4640: $? = 0
configure:4640: result: yes
configure:4640: checking for execvp
configure:4640: gcc -o conftest -g -O2   conftest.c -ldl -lpthread -lreadline  >&5
conftest.c:63:6: warning: conflicting types for built-in function 'execvp' [enabled by default]
configure:4640: $? = 0
configure:4640: result: yes
configure:4783: creating ./config.status

## ---------------------- ##
## Running config.status. ##
## ---------------------- ##

This file was extended by tsh config.status 1.2, which was
generated by GNU Autoconf 2.69.  Invocation command line was

  CONFIG_FILES    = 
  CONFIG_HEADERS  = 
  CONFIG_LINKS    = 
  CONFIG_COMMANDS = 
  $ ./config.status 

on bogon

config.status:868: creating Makefile
config.status:868: creating config.h
config.status:1049: config.h is unchanged
config.status:1097: executing depfiles commands

## ---------------- ##
## Cache variables. ##
## ---------------- ##

ac_cv_c_compiler_gnu=yes
ac_cv_env_CC_set=
ac_cv_env_CC_value=
ac_cv_env_CFLAGS_set=
ac_cv_env_CFLAGS_value=
ac_cv_env_CPPFLAGS_set=
ac_cv_env_CPPFLAGS_value=
ac_cv_env_CPP_set=
ac_cv_env_CPP_value=
ac_cv_env_LDFLAGS_set=
ac_cv_env_LDFLAGS_value=
ac_cv_env_LIBS_set=
ac_cv_env_LIBS_value=
ac_cv_env_build_alias_set=
ac_cv_env_build_alias_value=
ac_cv_env_host_alias_set=
ac_cv_env_host_alias_value=
ac_cv_env_target_alias_set=
ac_cv_env_target_alias_value=
ac_cv_func_execvp=yes
ac_cv_func_fgets=yes
ac_cv_func_fork=yes
ac_cv_func_fork_works=yes
ac_cv_func_getcwd=yes
ac_cv_func_getlogin_r=yes
ac_cv_func_strtok=yes
ac_cv_func_vfork=yes
ac_cv_func_vfork_works=yes
ac_cv_header_errno_h=yes
ac_cv_header_getopt_h=yes
ac_cv_header_inttypes_h=yes
ac_cv_header_memory_h=yes
ac_cv_header_pthread_h=yes
ac_cv_header_readline_history_h=yes
ac_cv_header_readline_readline_h=yes
ac_cv_header_stdc=yes
ac_cv_header_stdint_h=yes
ac_cv_header_stdio_h=yes
ac_cv_header_stdlib_h=yes
ac_cv_header_string_h=yes
ac_cv_header_strings_h=yes
ac_cv_header_sys_stat_h=yes
ac_cv_header_sys_types_h=yes
ac_cv_header_sys_wait_h=yes
ac_cv_header_unistd_h=yes
ac_cv_header_vfork_h=no
ac_cv_objext=o
ac_cv_path_EGREP='/bin/grep -E'
ac_cv_path_GREP=/bin/grep
ac_cv_path_install='/usr/bin/install -c'
ac_cv_path_mkdir=/bin/mkdir
ac_cv_prog_AWK=mawk
ac_cv_prog_CPP='gcc -E'
ac_cv_prog_ac_ct_CC=gcc
ac_cv_prog_cc_c89=
ac_cv_prog_cc_g=yes
ac_cv_prog_make_make_set=yes
ac_cv_search_add_history='none required'
ac_cv_search_dlopen=-ldl
ac_cv_search_dlsym='none required'
ac_cv_search_pthread_create=-lpthread
ac_cv_search_readline=-lreadline
ac_cv_type_pid_t=yes
am_cv_CC_dependencies_compiler_type=gcc3

## ----------------- ##
## Output variables. ##
## ----------------- ##

ACLOCAL='${SHELL} /home/durd/Documents/tsh/missing --run aclocal-1.11'
AMDEPBACKSLASH='\'
AMDEP_FALSE='#'
AMDEP_TRUE=''
AMTAR='$${TAR-tar}'
AUTOCONF='${SHELL} /home/durd/Documents/tsh/missing --run autoconf'
AUTOHEADER='${SHELL} /home/durd/Documents/tsh/missing --run autoheader'
AUTOMAKE='${SHELL} /home/durd/Documents/tsh/missing --run automake-1.11'
AWK='mawk'
CC='gcc'
CCDEPMODE='depmode=gcc3'
CFLAGS='-g -O2'
CPP='gcc -E'
CPPFLAGS=''
CYGPATH_W='echo'
DEFS='-DHAVE_CONFIG_H'
DEPDIR='.deps'
ECHO_C=''
ECHO_N='-n'
ECHO_T=''
EGREP='/bin/grep -E'
EXEEXT=''
GREP='/bin/grep'
INSTALL_DATA='${INSTALL} -m 644'
INSTALL_PROGRAM='${INSTALL}'
INSTALL_SCRIPT='${INSTALL}'
INSTALL_STRIP_PROGRAM='$(install_sh) -c -s'
LDFLAGS=''
LIBOBJS=''
LIBS='-ldl -lpthread -lreadline '
LTLIBOBJS=''
MAKEINFO='${SHELL} /home/durd/Documents/tsh/missing --run makeinfo'
MKDIR_P='/bin/mkdir -p'
OBJEXT='o'
PACKAGE='tsh'
PACKAGE_BUGREPORT='Tyrion-Lannister-274AL@gmail.com'
PACKAGE_NAME='tsh'
PACKAGE_STRING='tsh 1.2'
PACKAGE_TARNAME='tsh'
PACKAGE_URL=''
PACKAGE_VERSION='1.2'
PATH_SEPARATOR=':'
SET_MAKE=''
SHELL='/bin/bash'
STRIP=''
VERSION='1.2'
ac_ct_CC='gcc'
am__EXEEXT_FALSE=''
am__EXEEXT_TRUE='#'
am__fastdepCC_FALSE='#'
am__fastdepCC_TRUE=''
am__include='include'
am__isrc=''
am__leading_dot='.'
am__nodep='_no'
am__quote=''
am__tar='$${TAR-tar} chof - "$$tardir"'
am__untar='$${TAR-tar} xf -'
bindir='${exec_prefix}/bin'
build_alias=''
datadir='${datarootdir}'
datarootdir='${prefix}/share'
docdir='${datarootdir}/doc/${PACKAGE_TARNAME}'
dvidir='${docdir}'
exec_prefix='${prefix}'
host_alias=''
htmldir='${docdir}'
includedir='${prefix}/include'
infodir='${datarootdir}/info'
install_sh='${SHELL} /home/durd/Documents/tsh/install-sh'
libdir='${exec_prefix}/lib'
libexecdir='${exec_prefix}/libexec'
localedir='${datarootdir}/locale'
localstatedir='${prefix}/var'
mandir='${datarootdir}/man'
mkdir_p='/bin/mkdir -p'
oldincludedir='/usr/include'
pdfdir='${docdir}'
prefix='/usr/local'
program_transform_name='s,x,x,'
psdir='${docdir}'
sbindir='${exec_prefix}/sbin'
sharedstatedir='${prefix}/com'
sysconfdir='${prefix}/etc'
target_alias=''

## ----------- ##
## confdefs.h. ##
## ----------- ##

/* confdefs.h */
#define PACKAGE_NAME "tsh"
#define PACKAGE_TARNAME "tsh"
#define PACKAGE_VERSION "1.2"
#define PACKAGE_STRING "tsh 1.2"
#define PACKAGE_BUGREPORT "Tyrion-Lannister-274AL@gmail.com"
#define PACKAGE_URL ""
#define PACKAGE "tsh"
#define VERSION "1.2"
#define STDC_HEADERS 1
#define HAVE_SYS_TYPES_H 1
#define HAVE_SYS_STAT_H 1
#define HAVE_STDLIB_H 1
#define HAVE_STRING_H 1
#define HAVE_MEMORY_H 1
#define HAVE_STRINGS_H 1
#define HAVE_INTTYPES_H 1
#define HAVE_STDINT_H 1
#define HAVE_UNISTD_H 1
#define HAVE_READLINE_READLINE_H 1
#define HAVE_READLINE_HISTORY_H 1
#define HAVE_STDIO_H 1
#define HAVE_STDLIB_H 1
#define HAVE_STRING_H 1
#define HAVE_UNISTD_H 1
#define HAVE_GETOPT_H 1
#define HAVE_ERRNO_H 1
#define HAVE_SYS_TYPES_H 1
#define HAVE_SYS_WAIT_H 1
#define HAVE_PTHREAD_H 1
#define HAVE_FORK 1
#define HAVE_VFORK 1
#define HAVE_WORKING_VFORK 1
#define HAVE_WORKING_FORK 1
#define HAVE_GETCWD 1
#define HAVE_GETLOGIN_R 1
#define HAVE_FGETS 1
#define HAVE_STRTOK 1
#define HAVE_EXECVP 1

configure: exit 0
